c:\users\cameron collins\desktop\projects\snakegame\snakegame\snakegame\snakegame\debug\vc142.pdb
c:\users\cameron collins\desktop\projects\snakegame\snakegame\snakegame\snakegame\debug\vc142.idb
c:\users\cameron collins\desktop\projects\snakegame\snakegame\snakegame\snakegame\debug\windowhandler.obj
c:\users\cameron collins\desktop\projects\snakegame\snakegame\snakegame\snakegame\debug\source.obj
c:\users\cameron collins\desktop\projects\snakegame\snakegame\snakegame\snakegame\debug\inputhandler.obj
c:\users\cameron collins\desktop\projects\snakegame\snakegame\snakegame\snakegame\debug\windowcontroller.obj
c:\users\cameron collins\desktop\projects\snakegame\snakegame\snakegame\snakegame\debug\rendercontroller.obj
c:\users\cameron collins\desktop\projects\snakegame\snakegame\snakegame\snakegame\debug\inputcontroller.obj
c:\users\cameron collins\desktop\projects\snakegame\snakegame\snakegame\snakegame\debug\gamecontroller.obj
c:\users\cameron collins\desktop\projects\snakegame\snakegame\snakegame\snakegame\debug\fpscontroller.obj
c:\users\cameron collins\desktop\projects\snakegame\snakegame\snakegame\snakegame\debug\playercontroller.obj
c:\users\cameron collins\desktop\projects\snakegame\snakegame\snakegame\snakegame\debug\color.obj
c:\users\cameron collins\desktop\projects\snakegame\snakegame\snakegame\snakegame\debug\tailcontroller.obj
c:\users\cameron collins\desktop\projects\snakegame\snakegame\snakegame\snakegame\debug\tail.obj
c:\users\cameron collins\desktop\projects\snakegame\snakegame\snakegame\snakegame\debug\move.obj
c:\users\cameron collins\desktop\projects\snakegame\snakegame\snakegame\snakegame\debug\positionholder.obj
c:\users\cameron collins\desktop\projects\snakegame\snakegame\snakegame\snakegame\debug\fruit.obj
c:\users\cameron collins\desktop\projects\snakegame\snakegame\snakegame\debug\snakegame.exe
c:\users\cameron collins\desktop\projects\snakegame\snakegame\snakegame\debug\snakegame.ilk
c:\users\cameron collins\desktop\projects\snakegame\snakegame\snakegame\debug\snakegame.pdb
c:\users\cameron collins\desktop\projects\snakegame\snakegame\snakegame\snakegame\debug\gamecontroller.obj.enc
c:\users\cameron collins\desktop\projects\snakegame\snakegame\snakegame\snakegame\debug\inputhandler.obj.enc
c:\users\cameron collins\desktop\projects\snakegame\snakegame\snakegame\snakegame\debug\tail.obj.enc
c:\users\cameron collins\desktop\projects\snakegame\snakegame\snakegame\snakegame\debug\tailcontroller.obj.enc
c:\users\cameron collins\desktop\projects\snakegame\snakegame\snakegame\snakegame\debug\snakegame.tlog\cl.command.1.tlog
c:\users\cameron collins\desktop\projects\snakegame\snakegame\snakegame\snakegame\debug\snakegame.tlog\cl.read.1.tlog
c:\users\cameron collins\desktop\projects\snakegame\snakegame\snakegame\snakegame\debug\snakegame.tlog\cl.write.1.tlog
c:\users\cameron collins\desktop\projects\snakegame\snakegame\snakegame\snakegame\debug\snakegame.tlog\link.command.1.tlog
c:\users\cameron collins\desktop\projects\snakegame\snakegame\snakegame\snakegame\debug\snakegame.tlog\link.read.1.tlog
c:\users\cameron collins\desktop\projects\snakegame\snakegame\snakegame\snakegame\debug\snakegame.tlog\link.write.1.tlog
